#
# There is insufficient memory for the Java Runtime Environment to continue.
# Native memory allocation (mmap) failed to map 264241152 bytes for G1 virtual space
# Possible reasons:
#   The system is out of physical RAM or swap space
#   The process is running with CompressedOops enabled, and the Java Heap may be blocking the growth of the native heap
# Possible solutions:
#   Reduce memory load on the system
#   Increase physical memory or swap space
#   Check if swap backing store is full
#   Decrease Java heap size (-Xmx/-Xms)
#   Decrease number of Java threads
#   Decrease Java thread stack sizes (-Xss)
#   Set larger code cache with -XX:ReservedCodeCacheSize=
#   JVM is running with Zero Based Compressed Oops mode in which the Java heap is
#     placed in the first 32GB address space. The Java Heap base address is the
#     maximum limit for the native heap growth. Please use -XX:HeapBaseMinAddress
#     to set the Java Heap base and to place the Java Heap above 32GB virtual address.
# This output file may be truncated or incomplete.
#
#  Out of Memory Error (os_windows.cpp:3747), pid=14612, tid=4420
#
# JRE version:  (17.0.3+7) (build )
# Java VM: OpenJDK 64-Bit Server VM (17.0.3+7-b469.32, mixed mode, sharing, tiered, compressed oops, compressed class ptrs, g1 gc, windows-amd64)
# No core dump will be written. Minidumps are not enabled by default on client versions of Windows
#

---------------  S U M M A R Y ------------

Command Line: git4idea.http.GitAskPassApp Username for 'https://github.com': 

Host: 11th Gen Intel(R) Core(TM) i5-1135G7 @ 2.40GHz, 8 cores, 15G,  Windows 10 , 64 bit Build 19041 (10.0.19041.2364)
Time: Sat Feb 18 15:45:58 2023 Europe de l , 64 bit Build 19041 (10.0.19041.2364) elapsed time: 0.012991 seconds (0d 0h 0m 0s)

---------------  T H R E A D  ---------------

Current thread (0x0000013d4ea172f0):  JavaThread "Unknown thread" [_thread_in_vm, id=4420, stack(0x0000002ea4900000,0x0000002ea4a00000)]

Stack: [0x0000002ea4900000,0x0000002ea4a00000]
Native frames: (J=compiled Java code, j=interpreted, Vv=VM code, C=native code)
V  [jvm.dll+0x681f8a]
V  [jvm.dll+0x83e374]
V  [jvm.dll+0x83fb1e]
V  [jvm.dll+0x840183]
V  [jvm.dll+0x2492a5]
V  [jvm.dll+0x67ee59]
V  [jvm.dll+0x67355a]
V  [jvm.dll+0x308fab]
V  [jvm.dll+0x310466]
V  [jvm.dll+0x3601de]
V  [jvm.dll+0x36040f]
V  [jvm.dll+0x2df098]
V  [jvm.dll+0x2e0004]
V  [jvm.dll+0x80fc61]
V  [jvm.dll+0x36df61]
V  [jvm.dll+0x7ef17c]
V  [jvm.dll+0x3f10ef]
V  [jvm.dll+0x3f2c31]
C  [jli.dll+0x526b]
C  [ucrtbase.dll+0x21bb2]
C  [KERNEL32.DLL+0x17614]
C  [ntdll.dll+0x526a1]


---------------  P R O C E S S  ---------------

Threads class SMR info:
_java_thread_list=0x00007ffe7ee66f18, length=0, elements={
}

Java Threads: ( => current thread )

Other Threads:
  0x0000013d4ea7df90 GCTaskThread "GC Thread#0" [stack: 0x0000002ea4a00000,0x0000002ea4b00000] [id=10520]
  0x0000013d4ea8ea90 ConcurrentGCThread "G1 Main Marker" [stack: 0x0000002ea4b00000,0x0000002ea4c00000] [id=12076]
  0x0000013d4ea924c0 ConcurrentGCThread "G1 Conc#0" [stack: 0x0000002ea4c00000,0x0000002ea4d00000] [id=2124]

[error occurred during error reporting (printing all threads), id 0xc0000005, EXCEPTION_ACCESS_VIOLATION (0xc0000005) at pc=0x00007ffe7e61fc57]

VM state: not at safepoint (not fully initialized)

VM Mutex/Monitor currently owned by a thread:  ([mutex/lock_event])
[0x0000013d4ea100e0] Heap_lock - owner thread: 0x0000013d4ea172f0

Heap address: 0x0000000704400000, size: 4028 MB, Compressed Oops mode: Zero based, Oop shift amount: 3

CDS archive(s) mapped at: [0x0000000000000000-0x0000000000000000-0x0000000000000000), size 0, SharedBaseAddress: 0x0000000800000000, ArchiveRelocationMode: 0.
Narrow klass base: 0x0000000000000000, Narrow klass shift: 0, Narrow klass range: 0x0

GC Precious Log:
<Empty>

Heap:
 garbage-first heap   total 0K, used 0K [0x0000000704400000, 0x0000000800000000)
  region size 2048K, 0 young (0K), 0 survivors (0K)

[error occurred during error reporting (printing heap information), id 0xc0000005, EXCEPTION_ACCESS_VIOLATION (0xc0000005) at pc=0x00007ffe7ea0bbd9]

GC Heap History (0 events):
No events

Deoptimization events (0 events):
No events

Classes unloaded (0 events):
No events

Classes redefined (0 events):
No events

Internal exceptions (0 events):
No events

VM Operations (0 events):
No events

Events (1 events):
Event: 0.005 Loaded shared library C:\Users\TASNIM\AppData\Local\JetBrains\IntelliJ IDEA 2022.2\jbr\bin\java.dll


Dynamic libraries:
0x00007ff711180000 - 0x00007ff71118a000 	C:\Users\TASNIM\AppData\Local\JetBrains\IntelliJ IDEA 2022.2\jbr\bin\java.exe
0x00007ffee70b0000 - 0x00007ffee72a8000 	C:\Windows\SYSTEM32\ntdll.dll
0x00007ffee5150000 - 0x00007ffee520f000 	C:\Windows\System32\KERNEL32.DLL
0x00007ffee47a0000 - 0x00007ffee4a72000 	C:\Windows\System32\KERNELBASE.dll
0x00007ffee4ab0000 - 0x00007ffee4bb0000 	C:\Windows\System32\ucrtbase.dll
0x00007ffedc370000 - 0x00007ffedc387000 	C:\Users\TASNIM\AppData\Local\JetBrains\IntelliJ IDEA 2022.2\jbr\bin\jli.dll
0x00007ffee5510000 - 0x00007ffee56b1000 	C:\Windows\System32\USER32.dll
0x00007ffee4a80000 - 0x00007ffee4aa2000 	C:\Windows\System32\win32u.dll
0x00007ffedad20000 - 0x00007ffedad3b000 	C:\Users\TASNIM\AppData\Local\JetBrains\IntelliJ IDEA 2022.2\jbr\bin\VCRUNTIME140.dll
0x00007ffee6730000 - 0x00007ffee675b000 	C:\Windows\System32\GDI32.dll
0x00007ffee4ed0000 - 0x00007ffee4fdf000 	C:\Windows\System32\gdi32full.dll
0x00007ffed5c40000 - 0x00007ffed5eda000 	C:\Windows\WinSxS\amd64_microsoft.windows.common-controls_6595b64144ccf1df_6.0.19041.1110_none_60b5254171f9507e\COMCTL32.dll
0x00007ffee4fe0000 - 0x00007ffee507d000 	C:\Windows\System32\msvcp_win.dll
0x00007ffee5c00000 - 0x00007ffee5c9e000 	C:\Windows\System32\msvcrt.dll
0x00007ffee54d0000 - 0x00007ffee5502000 	C:\Windows\System32\IMM32.DLL
0x00007ffedf2b0000 - 0x00007ffedf2bc000 	C:\Users\TASNIM\AppData\Local\JetBrains\IntelliJ IDEA 2022.2\jbr\bin\vcruntime140_1.dll
0x00007ffeb3ee0000 - 0x00007ffeb3f6d000 	C:\Users\TASNIM\AppData\Local\JetBrains\IntelliJ IDEA 2022.2\jbr\bin\msvcp140.dll
0x00007ffe7e330000 - 0x00007ffe7ef98000 	C:\Users\TASNIM\AppData\Local\JetBrains\IntelliJ IDEA 2022.2\jbr\bin\server\jvm.dll
0x00007ffee5420000 - 0x00007ffee54ce000 	C:\Windows\System32\ADVAPI32.dll
0x00007ffee6760000 - 0x00007ffee67fc000 	C:\Windows\System32\sechost.dll
0x00007ffee5d20000 - 0x00007ffee5e45000 	C:\Windows\System32\RPCRT4.dll
0x00007ffee5e50000 - 0x00007ffee5e58000 	C:\Windows\System32\PSAPI.DLL
0x00007ffedf2a0000 - 0x00007ffedf2a9000 	C:\Windows\SYSTEM32\WSOCK32.dll
0x00007ffee5cb0000 - 0x00007ffee5d1b000 	C:\Windows\System32\WS2_32.dll
0x00007ffee02a0000 - 0x00007ffee02c7000 	C:\Windows\SYSTEM32\WINMM.dll
0x00007ffedc270000 - 0x00007ffedc27a000 	C:\Windows\SYSTEM32\VERSION.dll
0x00007ffee2840000 - 0x00007ffee2852000 	C:\Windows\SYSTEM32\kernel.appcore.dll
0x00007ffedd460000 - 0x00007ffedd46a000 	C:\Users\TASNIM\AppData\Local\JetBrains\IntelliJ IDEA 2022.2\jbr\bin\jimage.dll
0x00007ffee23e0000 - 0x00007ffee25c4000 	C:\Windows\SYSTEM32\DBGHELP.DLL
0x00007ffec6fd0000 - 0x00007ffec7005000 	C:\Windows\SYSTEM32\dbgcore.DLL
0x00007ffee4be0000 - 0x00007ffee4c62000 	C:\Windows\System32\bcryptPrimitives.dll
0x00007ffeb8020000 - 0x00007ffeb8045000 	C:\Users\TASNIM\AppData\Local\JetBrains\IntelliJ IDEA 2022.2\jbr\bin\java.dll

dbghelp: loaded successfully - version: 4.0.5 - missing functions: none
symbol engine: initialized successfully - sym options: 0x614 - pdb path: .;C:\Users\TASNIM\AppData\Local\JetBrains\IntelliJ IDEA 2022.2\jbr\bin;C:\Windows\SYSTEM32;C:\Windows\WinSxS\amd64_microsoft.windows.common-controls_6595b64144ccf1df_6.0.19041.1110_none_60b5254171f9507e;C:\Users\TASNIM\AppData\Local\JetBrains\IntelliJ IDEA 2022.2\jbr\bin\server

VM Arguments:
java_command: git4idea.http.GitAskPassApp Username for 'https://github.com': 
java_class_path (initial): C:/Users/TASNIM/AppData/Local/JetBrains/IntelliJ IDEA 2022.2/plugins/git4idea/lib/git4idea-rt.jar;C:/Users/TASNIM/AppData/Local/JetBrains/IntelliJ IDEA 2022.2/lib/externalProcess-rt.jar;C:/Users/TASNIM/AppData/Local/JetBrains/IntelliJ IDEA 2022.2/lib/app.jar;C:/Users/TASNIM/AppData/Local/JetBrains/IntelliJ IDEA 2022.2/lib/3rd-party-rt.jar
Launcher Type: SUN_STANDARD

[Global flags]
     intx CICompilerCount                          = 4                                         {product} {ergonomic}
     uint ConcGCThreads                            = 2                                         {product} {ergonomic}
     uint G1ConcRefinementThreads                  = 8                                         {product} {ergonomic}
   size_t G1HeapRegionSize                         = 2097152                                   {product} {ergonomic}
    uintx GCDrainStackTargetSize                   = 64                                        {product} {ergonomic}
   size_t InitialHeapSize                          = 264241152                                 {product} {ergonomic}
   size_t MarkStackSize                            = 4194304                                   {product} {ergonomic}
   size_t MaxHeapSize                              = 4223664128                                {product} {ergonomic}
   size_t MinHeapDeltaBytes                        = 2097152                                   {product} {ergonomic}
   size_t MinHeapSize                              = 8388608                                   {product} {ergonomic}
    uintx NonNMethodCodeHeapSize                   = 5839372                                {pd product} {ergonomic}
    uintx NonProfiledCodeHeapSize                  = 122909434                              {pd product} {ergonomic}
    uintx ProfiledCodeHeapSize                     = 122909434                              {pd product} {ergonomic}
    uintx ReservedCodeCacheSize                    = 251658240                              {pd product} {ergonomic}
     bool SegmentedCodeCache                       = true                                      {product} {ergonomic}
   size_t SoftMaxHeapSize                          = 4223664128                             {manageable} {ergonomic}
     bool UseCompressedClassPointers               = true                           {product lp64_product} {ergonomic}
     bool UseCompressedOops                        = true                           {product lp64_product} {ergonomic}
     bool UseG1GC                                  = true                                      {product} {ergonomic}
     bool UseLargePagesIndividualAllocation        = false                                  {pd product} {ergonomic}

Logging:
Log output configuration:
 #0: stdout all=warning uptime,level,tags
 #1: stderr all=off uptime,level,tags

Environment Variables:
JAVA_HOME=C:\Program Files\Java\jdk1.8.0_301
PATH=C:\Users\TASNIM\scoop\apps\git\2.37.3.windows.1\mingw64\libexec\git-core;C:\Users\TASNIM\scoop\apps\git\2.37.3.windows.1\mingw64\libexec\git-core;C:\Users\TASNIM\scoop\apps\git\2.37.3.windows.1\mingw64\bin;C:\Users\TASNIM\scoop\apps\git\2.37.3.windows.1\usr\bin;C:\Users\TASNIM\bin;C:\ProgramData\Oracle\Java\javapath;C:\oraclexe\app\oracle\product\10.2.0\server\bin;C:\Program Files (x86)\VMware\VMware Workstation\bin;C:\Program Files (x86)\Common Files\Oracle\Java\javapath;C:\Windows\system32;C:\Windows;C:\Windows\System32\Wbem;C:\Windows\System32\WindowsPowerShell\v1.0;C:\Windows\System32\OpenSSH;C:\Program Files\Java\jdk1.8.0_301\bin;C:\ProgramData\ComposerSetup\bin;C:\Program Files\nodejs;C:\Program Files\Microsoft SQL Server\150\Tools\Binn;C:\Program Files\Microsoft SQL Server\Client SDK\ODBC\170\Tools\Binn;C:\Program Files\dotnet;C:\Users\TASNIM\scoop\shims;C:\Users\TASNIM\AppData\Local\Microsoft\WindowsApps;C:\Users\TASNIM\AppData\Local\Programs\Microsoft VS Code\bin;C:\Users\TASNIM\AppData\Local\JetBrains\IntelliJ IDEA 2022.2\bin;C:\xampp\htdocs;C:\xampp\php;C:\Users\TASNIM\composer;C:\Users\TASNIM\AppData\Roaming\Composer\vendor\bin;C:\Users\TASNIM\AppData\Roaming\npm;C:\Users\TASNIM\.dotnet\tools
USERNAME=TASNIM
DISPLAY=:0.0
LC_ALL=en_US.UTF-8
OS=Windows_NT
PROCESSOR_IDENTIFIER=Intel64 Family 6 Model 140 Stepping 1, GenuineIntel



---------------  S Y S T E M  ---------------

OS:
 Windows 10 , 64 bit Build 19041 (10.0.19041.2364)
OS uptime: 28 days 15:39 hours

CPU: total 8 (initial active 8) (4 cores per cpu, 2 threads per core) family 6 model 140 stepping 1 microcode 0xa4, cx8, cmov, fxsr, ht, mmx, 3dnowpref, sse, sse2, sse3, ssse3, sse4.1, sse4.2, popcnt, lzcnt, tsc, tscinvbit, avx, avx2, aes, erms, clmul, bmi1, bmi2, adx, avx512f, avx512dq, avx512cd, avx512bw, avx512vl, sha, fma, vzeroupper, avx512_vpopcntdq, avx512_vpclmulqdq, avx512_vaes, avx512_vnni, clflush, clflushopt, clwb, avx512_vbmi2, avx512_vbmi

Memory: 4k page, system-wide physical 16106M (4086M free)
TotalPageFile size 21054M (AvailPageFile size 216M)
current process WorkingSet (physical memory assigned to process): 10M, peak: 10M
current process commit charge ("private bytes"): 60M, peak: 312M

vm_info: OpenJDK 64-Bit Server VM (17.0.3+7-b469.32) for windows-amd64 JRE (17.0.3+7-b469.32), built on 2022-07-19 by "builduser" with MS VC++ 16.10 / 16.11 (VS2019)

END.
